<!DOCTYPE html>
<html>
<head>
<style type="text/css">
body {background-color: black;}
pre {
	font-weight: normal;
	color: #bbb;
	white-space: -moz-pre-wrap;
	white-space: -o-pre-wrap;
	white-space: -pre-wrap;
	white-space: pre-wrap;
	word-wrap: break-word;
	overflow-wrap: break-word;
}
b {font-weight: normal}
b.BOLD {color: #fff}
b.ITA {font-style: italic}
b.UND {text-decoration: underline}
b.STR {text-decoration: line-through}
b.UNDSTR {text-decoration: underline line-through}
b.BLK {color: #000000}
b.RED {color: #aa0000}
b.GRN {color: #00aa00}
b.YEL {color: #aa5500}
b.BLU {color: #0000aa}
b.MAG {color: #aa00aa}
b.CYN {color: #00aaaa}
b.WHI {color: #aaaaaa}
b.HIK {color: #555555}
b.HIR {color: #ff5555}
b.HIG {color: #55ff55}
b.HIY {color: #ffff55}
b.HIB {color: #5555ff}
b.HIM {color: #ff55ff}
b.HIC {color: #55ffff}
b.HIW {color: #ffffff}
b.BBLK {background-color: #000000}
b.BRED {background-color: #aa0000}
b.BGRN {background-color: #00aa00}
b.BYEL {background-color: #aa5500}
b.BBLU {background-color: #0000aa}
b.BMAG {background-color: #aa00aa}
b.BCYN {background-color: #00aaaa}
b.BWHI {background-color: #aaaaaa}
</style>
</head>
<body>
<pre>NoneWriteDistributionSortedDataframeSpec:
+ See https://iceberg.apache.org/docs/1.6.0/spark-writes/#writing-distribution-modes 
Using write.distribution-mode
- should create the appropriate number of Iceberg files
  + Given a table that has a distribution mode of 
<b class=GRN>none</b>
and is created with:
<b class=YEL>CREATE TABLE polaris.my_namespace.NoneWriteDistributionSortedDataframeSpec (
  id int,
  label String,
  partitionKey long,
  date Date,
  timestamp Timestamp
) USING iceberg TBLPROPERTIES (
  'format-version' = '2',
  'write.spark.fanout.enabled' = 'true',
  'write.distribution-mode' = 'none'
) PARTITIONED BY (partitionKey);</b> 
  + And the data is sorted on the partitionKey column 
  + And a query plan that looks like:
== Optimized Logical Plan ==
Sort [partitionKey#1219L ASC NULLS FIRST], true, Statistics(sizeInBytes=6.3 MiB)
+- Repartition 6, true, Statistics(sizeInBytes=6.3 MiB)
   +- Project [id#1217, partitionKey#1219L, date#1220, timestamp#1221, concat(cast(otherId#1235L as string), xxx) AS label#1254], Statistics(sizeInBytes=6.3 MiB)
      +- Join Inner, (partitionKey#1219L = otherId#1235L), Statistics(sizeInBytes=4.9 MiB)
         :- LocalRelation [id#1217, partitionKey#1219L, date#1220, timestamp#1221], Statistics(sizeInBytes=640.0 B, rowCount=20)
         +- Project [value#1232L AS otherId#1235L], Statistics(sizeInBytes=7.8 KiB)
            +- SerializeFromObject [input[0, bigint, false] AS value#1232L], Statistics(sizeInBytes=7.8 KiB)
               +- MapElements uk.co.odinconsultants.iceberg.distributions.AbstractWriteDistributionSpec$$Lambda$5586/0x0000000802566990@62d9fa4a, class java.lang.Long, [StructField(value,LongType,true)], obj#1231: bigint, Statistics(sizeInBytes=7.8 KiB)
                  +- DeserializeToObject staticinvoke(class java.lang.Long, ObjectType(class java.lang.Long), valueOf, id#1227L, true, false, true), obj#1230: java.lang.Long, Statistics(sizeInBytes=7.8 KiB)
                     +- Range (0, 1000, step=1, splits=Some(4)), Statistics(sizeInBytes=7.8 KiB, rowCount=1.00E+3)

== Physical Plan ==
AdaptiveSparkPlan isFinalPlan=false
+- Sort [partitionKey#1219L ASC NULLS FIRST], true, 0
   +- Exchange rangepartitioning(partitionKey#1219L ASC NULLS FIRST, 200), ENSURE_REQUIREMENTS, [plan_id=2382]
      +- Exchange RoundRobinPartitioning(6), REPARTITION_BY_NUM, [plan_id=2380]
         +- Project [id#1217, partitionKey#1219L, date#1220, timestamp#1221, concat(cast(otherId#1235L as string), xxx) AS label#1254]
            +- BroadcastHashJoin [partitionKey#1219L], [otherId#1235L], Inner, BuildLeft, false
               :- BroadcastExchange HashedRelationBroadcastMode(List(input[1, bigint, false]),false), [plan_id=2377]
               :  +- LocalTableScan [id#1217, partitionKey#1219L, date#1220, timestamp#1221]
               +- Project [value#1232L AS otherId#1235L]
                  +- SerializeFromObject [input[0, bigint, false] AS value#1232L]
                     +- MapElements uk.co.odinconsultants.iceberg.distributions.AbstractWriteDistributionSpec$$Lambda$5586/0x0000000802566990@62d9fa4a, obj#1231: bigint
                        +- DeserializeToObject staticinvoke(class java.lang.Long, ObjectType(class java.lang.Long), valueOf, id#1227L, true, false, true), obj#1230: java.lang.Long
                           +- Range (0, 1000, step=1, splits=4)


 
  + And it has 20 rows over 5 data file(s) when writing with 4 executor threads 
  + When we add another 20 rows of the same data that is logically distributed over 5 partition(s) 
  + And the data is sorted on the partitionKey column 
  + Then there are now 5 more data files 
+ <b class=MAG>+ </b><b class=YEL>+ </b><b class=WHI>+ </b><b class=CYN>+ </b><b class=BLU>+ </b><b class=RED>+ </b><b class=GRN>+ </b><b class=MAG>+ </b><b class=YEL>+ </b><b class=WHI>+ </b><b class=CYN>+ </b><b class=BLU>+ </b><b class=RED>+ </b><b class=GRN>+ </b><b class=MAG>+ </b><b class=YEL>+ </b><b class=WHI>+ </b><b class=CYN>+ </b><b class=BLU>+ </b><b class=RED>+ </b><b class=GRN>+ </b><b class=MAG>+ </b><b class=YEL>+ </b><b class=WHI>+ </b><b class=CYN>+ </b><b class=BLU>+ </b><b class=RED>+ </b><b class=GRN>+ </b><b class=MAG>+ </b><b class=YEL>+ </b><b class=WHI>+ </b><b class=CYN>+ </b><b class=BLU>+ </b><b class=RED>+ </b><b class=GRN>+ </b><b class=MAG>+ </b><b class=YEL>+ </b><b class=WHI>+ </b><b class=CYN>+ </b><b class=BLU>+ </b><b class=RED>+ </b><b class=GRN>+ </b><b class=MAG>+ </b><b class=YEL>+ </b><b class=WHI>+ </b><b class=CYN>+ </b><b class=BLU>+ </b><b class=RED>+ </b><b class=GRN>+ </b><b class=MAG>+ </b><b class=YEL>+ </b> 
+ <b class=MAG>+ </b><b class=YEL>+ </b><b class=WHI>+ </b><b class=CYN>+ </b><b class=BLU>+ </b><b class=RED>+ </b><b class=GRN>+ </b><b class=MAG>+ </b><b class=YEL>+ </b><b class=WHI>+ </b><b class=CYN>+ </b><b class=BLU>+ </b><b class=RED>+ </b><b class=GRN>+ </b><b class=MAG>+ </b><b class=YEL>+ </b><b class=WHI>+ </b><b class=CYN>+ </b><b class=BLU>+ </b><b class=RED>+ </b><b class=GRN>+ </b><b class=MAG>+ </b><b class=YEL>+ </b><b class=WHI>+ </b><b class=CYN>+ </b><b class=BLU>+ </b><b class=RED>+ </b><b class=GRN>+ </b><b class=MAG>+ </b><b class=YEL>+ </b><b class=WHI>+ </b><b class=CYN>+ </b><b class=BLU>+ </b><b class=RED>+ </b><b class=GRN>+ </b><b class=MAG>+ </b><b class=YEL>+ </b><b class=WHI>+ </b><b class=CYN>+ </b><b class=BLU>+ </b><b class=RED>+ </b><b class=GRN>+ </b><b class=MAG>+ </b><b class=YEL>+ </b><b class=WHI>+ </b><b class=CYN>+ </b><b class=BLU>+ </b><b class=RED>+ </b><b class=GRN>+ </b><b class=MAG>+ </b><b class=YEL>+ </b> </pre>
</body>
</html>
